app/build/intermediates/manifest_merge_blame_file/debug/manifest-merger-blame-debug-report.txt
1<?xml version="1.0" encoding="utf-8"?>
2<manifest xmlns:android="http://schemas.android.com/apk/res/android"
3    package="com.arc.contact"
4    android:versionCode="1"
5    android:versionName="1.0" >
6
7    <uses-sdk
8        android:minSdkVersion="29"
8-->src/main/AndroidManifest.xml
9        android:targetSdkVersion="30" />
9-->src/main/AndroidManifest.xml
10
11    <!-- Android 需要访问互联网的应用会在清单中添加以下代码行 -->
12
13    <uses-permission android:name="android.permission.INTERNET" />
13-->src/main/AndroidManifest.xml:8:5-66
13-->src/main/AndroidManifest.xml:8:22-64
14
15    <!-- 权限申请 -->
16    <uses-permission android:name="android.permission.READ_PHONE_STATE" />
16-->src/main/AndroidManifest.xml:11:5-74
16-->src/main/AndroidManifest.xml:11:22-72
17
18    <!-- 读联系人权限 -->
19    <uses-permission android:name="android.permission.READ_CONTACTS" />
19-->src/main/AndroidManifest.xml:14:5-71
19-->src/main/AndroidManifest.xml:14:22-69
20
21    <!-- 写联系人权限 -->
22    <uses-permission android:name="android.permission.WRITE_CONTACTS" />
22-->src/main/AndroidManifest.xml:17:5-72
22-->src/main/AndroidManifest.xml:17:22-70
23
24    <!-- 拨号权限 -->
25    <uses-permission android:name="android.permission.CALL_PHONE" />
25-->src/main/AndroidManifest.xml:20:5-68
25-->src/main/AndroidManifest.xml:20:22-66
26
27    <application
27-->src/main/AndroidManifest.xml:24:5-40:19
28        android:allowBackup="true"
28-->src/main/AndroidManifest.xml:25:9-35
29        android:appComponentFactory="androidx.core.app.CoreComponentFactory"
29-->[androidx.core:core:1.3.1] AndroidManifest.xml:24:18-86
30        android:debuggable="true"
31        android:extractNativeLibs="false"
32        android:icon="@mipmap/ic_launcher"
32-->src/main/AndroidManifest.xml:26:9-43
33        android:label="@string/app_name"
33-->src/main/AndroidManifest.xml:27:9-41
34        android:roundIcon="@mipmap/ic_launcher_round"
34-->src/main/AndroidManifest.xml:28:9-54
35        android:supportsRtl="true"
35-->src/main/AndroidManifest.xml:29:9-35
36        android:testOnly="true"
37        android:theme="@style/AppTheme"
37-->src/main/AndroidManifest.xml:31:9-40
38        android:usesCleartextTraffic="true" >
38-->src/main/AndroidManifest.xml:30:9-44
39        android:requestLegacyExternalStorage="true"
40        <activity android:name="com.arc.contact.MainActivity" >
40-->src/main/AndroidManifest.xml:33:9-39:20
40-->src/main/AndroidManifest.xml:33:19-47
41            <intent-filter>
41-->src/main/AndroidManifest.xml:34:13-38:29
42                <action android:name="android.intent.action.MAIN" />
42-->src/main/AndroidManifest.xml:35:17-69
42-->src/main/AndroidManifest.xml:35:25-66
43
44                <category android:name="android.intent.category.LAUNCHER" />
44-->src/main/AndroidManifest.xml:37:17-77
44-->src/main/AndroidManifest.xml:37:27-74
45            </intent-filter>
46        </activity>
47    </application>
48
49</manifest><!--
50    java.io.IOException: Cleartext HTTP traffic to xxx.xxx.xxx.xxx not permitted
51    Android9.0 默认是禁止所有的http请求的，
52
53    需要在代码中设置如下代码才可以正常进行网络请求： android:usesCleartextTraffic="true"
54-->